<?xml version="1.0" encoding="UTF-8"?>
<!-- Generated by org.testng.reporters.JUnitReportReporter -->
<testsuite hostname="DESKTOP-6HN5DR3" failures="0" tests="1" name="test.A2Zmatrimony_logintest" time="120.468" errors="0" timestamp="2024-04-11T22:22:10 IST" skipped="0">
  <testcase classname="test.A2Zmatrimony_logintest" name="Matrimonytest" time="120.468"/>
  <system-out/>
</testsuite> <!-- test.A2Zmatrimony_logintest -->
