<?xml version="1.0" encoding="UTF-8"?>
<!-- Generated by org.testng.reporters.JUnitReportReporter -->
<testsuite hostname="DESKTOP-6HN5DR3" failures="0" tests="1" name="test.A2Zmatrimony_Registertest" time="27.914" errors="0" timestamp="2024-04-11T22:17:36 IST" skipped="0">
  <testcase classname="test.A2Zmatrimony_Registertest" name="Matrimony" time="27.914"/>
  <system-out/>
</testsuite> <!-- test.A2Zmatrimony_Registertest -->
